0 info it worked if it ends with ok
1 verbose cli [ 'C:\\Program Files\\nodejs\\\\node.exe',
1 verbose cli   'C:\\Program Files\\nodejs\\node_modules\\npm\\bin\\npm-cli.js',
1 verbose cli   'install',
1 verbose cli   'iconv' ]
2 info using npm@2.5.1
3 info using node@v0.12.0
4 verbose node symlink C:\Program Files\nodejs\\node.exe
5 silly cache add args [ 'iconv', null ]
6 verbose cache add spec iconv
7 silly cache add parsed spec { raw: 'iconv',
7 silly cache add   scope: null,
7 silly cache add   name: 'iconv',
7 silly cache add   rawSpec: '',
7 silly cache add   spec: '*',
7 silly cache add   type: 'range' }
8 verbose addNamed iconv@*
9 silly addNamed semver.valid null
10 silly addNamed semver.validRange *
11 silly addNameRange { name: 'iconv', range: '*', hasData: false }
12 silly mapToRegistry name iconv
13 silly mapToRegistry using default registry
14 silly mapToRegistry registry https://registry.npmjs.org/
15 silly mapToRegistry uri https://registry.npmjs.org/iconv
16 verbose addNameRange registry:https://registry.npmjs.org/iconv not in flight; fetching
17 verbose request uri https://registry.npmjs.org/iconv
18 verbose request no auth needed
19 info attempt registry request try #1 at 20:50:52
20 verbose request id e76a615bcd83f22c
21 verbose etag "795WCLRGNTTK5VJB0561C4ZW4"
22 http request GET https://registry.npmjs.org/iconv
23 http 304 https://registry.npmjs.org/iconv
24 silly get cb [ 304,
24 silly get   { date: 'Wed, 08 Apr 2015 17:50:57 GMT',
24 silly get     server: 'Apache',
24 silly get     via: '1.1 varnish',
24 silly get     'last-modified': 'Wed, 08 Apr 2015 17:50:57 GMT',
24 silly get     'cache-control': 'max-age=60',
24 silly get     etag: '"795WCLRGNTTK5VJB0561C4ZW4"',
24 silly get     age: '26',
24 silly get     'x-served-by': 'cache-fra1225-FRA',
24 silly get     'x-cache': 'HIT',
24 silly get     'x-cache-hits': '1',
24 silly get     'x-timer': 'S1428515457.762266,VS0,VE0',
24 silly get     vary: 'Accept',
24 silly get     'content-length': '0',
24 silly get     'keep-alive': 'timeout=10, max=50',
24 silly get     connection: 'Keep-Alive' } ]
25 verbose etag https://registry.npmjs.org/iconv from cache
26 verbose get saving iconv to C:\Users\zarew_000\AppData\Roaming\npm-cache\registry.npmjs.org\iconv\.cache.json
27 silly addNameRange number 2 { name: 'iconv', range: '*', hasData: true }
28 silly addNameRange versions [ 'iconv',
28 silly addNameRange   [ '1.0.0',
28 silly addNameRange     '1.0.1',
28 silly addNameRange     '1.1.0',
28 silly addNameRange     '1.1.1',
28 silly addNameRange     '1.1.2',
28 silly addNameRange     '1.1.3',
28 silly addNameRange     '1.2.0',
28 silly addNameRange     '1.2.1',
28 silly addNameRange     '1.2.2',
28 silly addNameRange     '1.2.3',
28 silly addNameRange     '1.2.4',
28 silly addNameRange     '2.0.0',
28 silly addNameRange     '2.0.1',
28 silly addNameRange     '2.0.2',
28 silly addNameRange     '2.0.3',
28 silly addNameRange     '2.0.4',
28 silly addNameRange     '2.0.5',
28 silly addNameRange     '2.0.6',
28 silly addNameRange     '2.0.7',
28 silly addNameRange     '2.1.0',
28 silly addNameRange     '2.1.1',
28 silly addNameRange     '2.1.2',
28 silly addNameRange     '2.1.3',
28 silly addNameRange     '2.1.4',
28 silly addNameRange     '2.1.5',
28 silly addNameRange     '2.1.6' ] ]
29 verbose addNamed iconv@2.1.6
30 silly addNamed semver.valid 2.1.6
31 silly addNamed semver.validRange 2.1.6
32 silly cache afterAdd iconv@2.1.6
33 verbose afterAdd C:\Users\zarew_000\AppData\Roaming\npm-cache\iconv\2.1.6\package\package.json not in flight; writing
34 verbose afterAdd C:\Users\zarew_000\AppData\Roaming\npm-cache\iconv\2.1.6\package\package.json written
35 silly install resolved [ { name: 'iconv',
35 silly install resolved     main: './lib/iconv',
35 silly install resolved     version: '2.1.6',
35 silly install resolved     description: 'Text recoding in JavaScript for fun and profit!',
35 silly install resolved     homepage: 'https://github.com/bnoordhuis/node-iconv',
35 silly install resolved     repository:
35 silly install resolved      { type: 'git',
35 silly install resolved        url: 'git://github.com/bnoordhuis/node-iconv.git' },
35 silly install resolved     author: { name: 'Ben Noordhuis', email: 'info@bnoordhuis.nl' },
35 silly install resolved     engines: { node: '>=0.8.0' },
35 silly install resolved     license: 'ISC',
35 silly install resolved     dependencies: { nan: '~1.6.2' },
35 silly install resolved     devDependencies: { tap: '~0.4.8' },
35 silly install resolved     scripts: { test: 'tap test/test-*.js', install: 'node-gyp rebuild' },
35 silly install resolved     gypfile: true,
35 silly install resolved     gitHead: 'ae0afa6abda10305a489e993ec9b747e22753f59',
35 silly install resolved     bugs: { url: 'https://github.com/bnoordhuis/node-iconv/issues' },
35 silly install resolved     _id: 'iconv@2.1.6',
35 silly install resolved     _shasum: 'cae89175793276e9fe5ffae58abf8c38f2941c42',
35 silly install resolved     _from: 'iconv@*',
35 silly install resolved     _npmVersion: '2.5.1',
35 silly install resolved     _nodeVersion: '1.2.1',
35 silly install resolved     _npmUser: { name: 'bnoordhuis', email: 'info@bnoordhuis.nl' },
35 silly install resolved     maintainers: [ [Object] ],
35 silly install resolved     dist:
35 silly install resolved      { shasum: 'cae89175793276e9fe5ffae58abf8c38f2941c42',
35 silly install resolved        tarball: 'http://registry.npmjs.org/iconv/-/iconv-2.1.6.tgz' },
35 silly install resolved     directories: {},
35 silly install resolved     _resolved: 'https://registry.npmjs.org/iconv/-/iconv-2.1.6.tgz',
35 silly install resolved     readme: 'ERROR: No README data found!' } ]
36 info install iconv@2.1.6 into C:\WebStormProject\lab
37 info installOne iconv@2.1.6
38 verbose installOne of iconv to C:\WebStormProject\lab not in flight; installing
39 verbose lock using C:\Users\zarew_000\AppData\Roaming\npm-cache\_locks\iconv-92cf4823da98d5a8.lock for C:\WebStormProject\lab\node_modules\iconv
40 silly install write writing iconv 2.1.6 to C:\WebStormProject\lab\node_modules\iconv
41 silly cache addNamed cb iconv@2.1.6
42 verbose unbuild node_modules\iconv
43 verbose gentlyRm vacuuming C:\WebStormProject\lab\node_modules\iconv
44 verbose tar unpack C:\Users\zarew_000\AppData\Roaming\npm-cache\iconv\2.1.6\package.tgz
45 verbose tar unpacking to C:\WebStormProject\lab\node_modules\iconv
46 verbose gentlyRm vacuuming C:\WebStormProject\lab\node_modules\iconv
47 silly gunzTarPerm modes [ '777', '666' ]
48 silly gunzTarPerm extractEntry package.json
49 silly gunzTarPerm modified mode [ 'package.json', 436, 438 ]
50 silly gunzTarPerm extractEntry .npmignore
51 silly gunzTarPerm modified mode [ '.npmignore', 436, 438 ]
52 silly gunzTarPerm extractEntry README.md
53 silly gunzTarPerm modified mode [ 'README.md', 436, 438 ]
54 silly gunzTarPerm extractEntry LICENSE
55 silly gunzTarPerm modified mode [ 'LICENSE', 436, 438 ]
56 silly gunzTarPerm extractEntry binding.gyp
57 silly gunzTarPerm modified mode [ 'binding.gyp', 436, 438 ]
58 silly gunzTarPerm extractEntry deps/libiconv/README
59 silly gunzTarPerm modified mode [ 'deps/libiconv/README', 436, 438 ]
60 silly gunzTarPerm extractEntry deps/libiconv/INSTALL.generic
61 silly gunzTarPerm modified mode [ 'deps/libiconv/INSTALL.generic', 436, 438 ]
62 silly gunzTarPerm extractEntry deps/libiconv/COPYING
63 silly gunzTarPerm modified mode [ 'deps/libiconv/COPYING', 436, 438 ]
64 silly gunzTarPerm extractEntry deps/libiconv/COPYING.LIB
65 silly gunzTarPerm modified mode [ 'deps/libiconv/COPYING.LIB', 436, 438 ]
66 silly gunzTarPerm extractEntry deps/libiconv/ChangeLog
67 silly gunzTarPerm modified mode [ 'deps/libiconv/ChangeLog', 436, 438 ]
68 silly gunzTarPerm extractEntry deps/libiconv/DEPENDENCIES
69 silly gunzTarPerm modified mode [ 'deps/libiconv/DEPENDENCIES', 436, 438 ]
70 silly gunzTarPerm extractEntry deps/libiconv/DESIGN
71 silly gunzTarPerm modified mode [ 'deps/libiconv/DESIGN', 436, 438 ]
72 silly gunzTarPerm extractEntry deps/libiconv/HACKING
73 silly gunzTarPerm modified mode [ 'deps/libiconv/HACKING', 436, 438 ]
74 silly gunzTarPerm extractEntry deps/libiconv/AUTHORS
75 silly gunzTarPerm modified mode [ 'deps/libiconv/AUTHORS', 436, 438 ]
76 silly gunzTarPerm extractEntry deps/libiconv/NEWS
77 silly gunzTarPerm modified mode [ 'deps/libiconv/NEWS', 436, 438 ]
78 silly gunzTarPerm extractEntry deps/libiconv/NOTES
79 silly gunzTarPerm modified mode [ 'deps/libiconv/NOTES', 436, 438 ]
80 silly gunzTarPerm extractEntry deps/libiconv/PORTS
81 silly gunzTarPerm modified mode [ 'deps/libiconv/PORTS', 436, 438 ]
82 silly gunzTarPerm extractEntry deps/libiconv/ABOUT-NLS
83 silly gunzTarPerm modified mode [ 'deps/libiconv/ABOUT-NLS', 436, 438 ]
84 silly gunzTarPerm extractEntry deps/libiconv/README.woe32
85 silly gunzTarPerm modified mode [ 'deps/libiconv/README.woe32', 436, 438 ]
86 silly gunzTarPerm extractEntry deps/libiconv/THANKS
87 silly gunzTarPerm modified mode [ 'deps/libiconv/THANKS', 436, 438 ]
88 silly gunzTarPerm extractEntry deps/libiconv/lib/euc_tw.h
89 silly gunzTarPerm modified mode [ 'deps/libiconv/lib/euc_tw.h', 436, 438 ]
90 silly gunzTarPerm extractEntry deps/libiconv/lib/aliases.gperf
91 silly gunzTarPerm modified mode [ 'deps/libiconv/lib/aliases.gperf', 436, 438 ]
92 silly gunzTarPerm extractEntry deps/libiconv/lib/aliases2.h
93 silly gunzTarPerm modified mode [ 'deps/libiconv/lib/aliases2.h', 436, 438 ]
94 silly gunzTarPerm extractEntry deps/libiconv/lib/aliases_aix.h
95 silly gunzTarPerm modified mode [ 'deps/libiconv/lib/aliases_aix.h', 436, 438 ]
96 silly gunzTarPerm extractEntry deps/libiconv/lib/aliases_aix_sysaix.h
97 silly gunzTarPerm modified mode [ 'deps/libiconv/lib/aliases_aix_sysaix.h', 436, 438 ]
98 silly gunzTarPerm extractEntry deps/libiconv/lib/aliases_dos.h
99 silly gunzTarPerm modified mode [ 'deps/libiconv/lib/aliases_dos.h', 436, 438 ]
100 silly gunzTarPerm extractEntry deps/libiconv/lib/aliases_extra.h
101 silly gunzTarPerm modified mode [ 'deps/libiconv/lib/aliases_extra.h', 436, 438 ]
102 silly gunzTarPerm extractEntry deps/libiconv/lib/aliases_osf1.h
103 silly gunzTarPerm modified mode [ 'deps/libiconv/lib/aliases_osf1.h', 436, 438 ]
104 silly gunzTarPerm extractEntry deps/libiconv/lib/aliases_osf1_sysosf1.h
105 silly gunzTarPerm modified mode [ 'deps/libiconv/lib/aliases_osf1_sysosf1.h', 436, 438 ]
106 silly gunzTarPerm extractEntry deps/libiconv/lib/aliases_sysaix.gperf
107 silly gunzTarPerm modified mode [ 'deps/libiconv/lib/aliases_sysaix.gperf', 436, 438 ]
108 silly gunzTarPerm extractEntry deps/libiconv/lib/aliases_sysaix.h
109 silly gunzTarPerm modified mode [ 'deps/libiconv/lib/aliases_sysaix.h', 436, 438 ]
110 silly gunzTarPerm extractEntry deps/libiconv/lib/aliases_syshpux.gperf
111 silly gunzTarPerm modified mode [ 'deps/libiconv/lib/aliases_syshpux.gperf', 436, 438 ]
112 silly gunzTarPerm extractEntry deps/libiconv/lib/aliases_syshpux.h
113 silly gunzTarPerm modified mode [ 'deps/libiconv/lib/aliases_syshpux.h', 436, 438 ]
114 silly gunzTarPerm extractEntry deps/libiconv/lib/aliases_sysosf1.gperf
115 silly gunzTarPerm modified mode [ 'deps/libiconv/lib/aliases_sysosf1.gperf', 436, 438 ]
116 silly gunzTarPerm extractEntry deps/libiconv/lib/aliases_sysosf1.h
117 silly gunzTarPerm modified mode [ 'deps/libiconv/lib/aliases_sysosf1.h', 436, 438 ]
118 silly gunzTarPerm extractEntry deps/libiconv/lib/aliases_syssolaris.gperf
119 silly gunzTarPerm modified mode [ 'deps/libiconv/lib/aliases_syssolaris.gperf', 436, 438 ]
120 silly gunzTarPerm extractEntry deps/libiconv/lib/aliases_syssolaris.h
121 silly gunzTarPerm modified mode [ 'deps/libiconv/lib/aliases_syssolaris.h', 436, 438 ]
122 silly gunzTarPerm extractEntry deps/libiconv/lib/armscii_8.h
123 silly gunzTarPerm modified mode [ 'deps/libiconv/lib/armscii_8.h', 436, 438 ]
124 silly gunzTarPerm extractEntry deps/libiconv/lib/ascii.h
125 silly gunzTarPerm modified mode [ 'deps/libiconv/lib/ascii.h', 436, 438 ]
126 silly gunzTarPerm extractEntry deps/libiconv/lib/atarist.h
127 silly gunzTarPerm modified mode [ 'deps/libiconv/lib/atarist.h', 436, 438 ]
128 silly gunzTarPerm extractEntry deps/libiconv/lib/big5.h
129 silly gunzTarPerm modified mode [ 'deps/libiconv/lib/big5.h', 436, 438 ]
130 silly gunzTarPerm extractEntry deps/libiconv/lib/big5_2003.h
131 silly gunzTarPerm modified mode [ 'deps/libiconv/lib/big5_2003.h', 436, 438 ]
132 silly gunzTarPerm extractEntry deps/libiconv/lib/big5hkscs1999.h
133 silly gunzTarPerm modified mode [ 'deps/libiconv/lib/big5hkscs1999.h', 436, 438 ]
134 silly gunzTarPerm extractEntry deps/libiconv/lib/big5hkscs2001.h
135 silly gunzTarPerm modified mode [ 'deps/libiconv/lib/big5hkscs2001.h', 436, 438 ]
136 silly gunzTarPerm extractEntry deps/libiconv/lib/big5hkscs2004.h
137 silly gunzTarPerm modified mode [ 'deps/libiconv/lib/big5hkscs2004.h', 436, 438 ]
138 silly gunzTarPerm extractEntry deps/libiconv/lib/big5hkscs2008.h
139 silly gunzTarPerm modified mode [ 'deps/libiconv/lib/big5hkscs2008.h', 436, 438 ]
140 silly gunzTarPerm extractEntry deps/libiconv/lib/c99.h
141 silly gunzTarPerm modified mode [ 'deps/libiconv/lib/c99.h', 436, 438 ]
142 silly gunzTarPerm extractEntry deps/libiconv/lib/canonical.h
143 silly gunzTarPerm modified mode [ 'deps/libiconv/lib/canonical.h', 436, 438 ]
144 silly gunzTarPerm extractEntry deps/libiconv/lib/canonical_aix.h
145 silly gunzTarPerm modified mode [ 'deps/libiconv/lib/canonical_aix.h', 436, 438 ]
146 silly gunzTarPerm extractEntry deps/libiconv/lib/canonical_aix_sysaix.h
147 silly gunzTarPerm modified mode [ 'deps/libiconv/lib/canonical_aix_sysaix.h', 436, 438 ]
148 silly gunzTarPerm extractEntry deps/libiconv/lib/canonical_dos.h
149 silly gunzTarPerm modified mode [ 'deps/libiconv/lib/canonical_dos.h', 436, 438 ]
150 silly gunzTarPerm extractEntry deps/libiconv/lib/canonical_extra.h
151 silly gunzTarPerm modified mode [ 'deps/libiconv/lib/canonical_extra.h', 436, 438 ]
152 silly gunzTarPerm extractEntry deps/libiconv/lib/canonical_local.h
153 silly gunzTarPerm modified mode [ 'deps/libiconv/lib/canonical_local.h', 436, 438 ]
154 silly gunzTarPerm extractEntry deps/libiconv/lib/canonical_local_sysaix.h
155 silly gunzTarPerm modified mode [ 'deps/libiconv/lib/canonical_local_sysaix.h', 436, 438 ]
156 silly gunzTarPerm extractEntry deps/libiconv/lib/canonical_local_syshpux.h
157 silly gunzTarPerm modified mode [ 'deps/libiconv/lib/canonical_local_syshpux.h', 436, 438 ]
158 silly gunzTarPerm extractEntry deps/libiconv/lib/canonical_local_sysosf1.h
159 silly gunzTarPerm modified mode [ 'deps/libiconv/lib/canonical_local_sysosf1.h', 436, 438 ]
160 silly gunzTarPerm extractEntry deps/libiconv/lib/canonical_local_syssolaris.h
161 silly gunzTarPerm modified mode [ 'deps/libiconv/lib/canonical_local_syssolaris.h', 436, 438 ]
162 silly gunzTarPerm extractEntry deps/libiconv/lib/canonical_osf1.h
163 silly gunzTarPerm modified mode [ 'deps/libiconv/lib/canonical_osf1.h', 436, 438 ]
164 silly gunzTarPerm extractEntry deps/libiconv/lib/canonical_osf1_sysosf1.h
165 silly gunzTarPerm modified mode [ 'deps/libiconv/lib/canonical_osf1_sysosf1.h', 436, 438 ]
166 silly gunzTarPerm extractEntry deps/libiconv/lib/canonical_sysaix.h
167 silly gunzTarPerm modified mode [ 'deps/libiconv/lib/canonical_sysaix.h', 436, 438 ]
168 silly gunzTarPerm extractEntry deps/libiconv/lib/canonical_syshpux.h
169 silly gunzTarPerm modified mode [ 'deps/libiconv/lib/canonical_syshpux.h', 436, 438 ]
170 silly gunzTarPerm extractEntry deps/libiconv/lib/canonical_sysosf1.h
171 silly gunzTarPerm modified mode [ 'deps/libiconv/lib/canonical_sysosf1.h', 436, 438 ]
172 silly gunzTarPerm extractEntry deps/libiconv/lib/canonical_syssolaris.h
173 silly gunzTarPerm modified mode [ 'deps/libiconv/lib/canonical_syssolaris.h', 436, 438 ]
174 silly gunzTarPerm extractEntry deps/libiconv/lib/ces_big5.h
175 silly gunzTarPerm modified mode [ 'deps/libiconv/lib/ces_big5.h', 436, 438 ]
176 silly gunzTarPerm extractEntry deps/libiconv/lib/ces_gbk.h
177 silly gunzTarPerm modified mode [ 'deps/libiconv/lib/ces_gbk.h', 436, 438 ]
178 silly gunzTarPerm extractEntry deps/libiconv/lib/cjk_variants.h
179 silly gunzTarPerm modified mode [ 'deps/libiconv/lib/cjk_variants.h', 436, 438 ]
180 silly gunzTarPerm extractEntry deps/libiconv/lib/cns11643.h
181 silly gunzTarPerm modified mode [ 'deps/libiconv/lib/cns11643.h', 436, 438 ]
182 silly gunzTarPerm extractEntry deps/libiconv/lib/cns11643_1.h
183 silly gunzTarPerm modified mode [ 'deps/libiconv/lib/cns11643_1.h', 436, 438 ]
184 silly gunzTarPerm extractEntry deps/libiconv/lib/cns11643_15.h
185 silly gunzTarPerm modified mode [ 'deps/libiconv/lib/cns11643_15.h', 436, 438 ]
186 silly gunzTarPerm extractEntry deps/libiconv/lib/cns11643_2.h
187 silly gunzTarPerm modified mode [ 'deps/libiconv/lib/cns11643_2.h', 436, 438 ]
188 silly gunzTarPerm extractEntry deps/libiconv/lib/cns11643_3.h
189 silly gunzTarPerm modified mode [ 'deps/libiconv/lib/cns11643_3.h', 436, 438 ]
190 silly gunzTarPerm extractEntry deps/libiconv/lib/cns11643_4.h
191 silly gunzTarPerm modified mode [ 'deps/libiconv/lib/cns11643_4.h', 436, 438 ]
192 silly gunzTarPerm extractEntry deps/libiconv/lib/cns11643_4a.h
193 silly gunzTarPerm modified mode [ 'deps/libiconv/lib/cns11643_4a.h', 436, 438 ]
194 silly gunzTarPerm extractEntry deps/libiconv/lib/cns11643_4b.h
195 silly gunzTarPerm modified mode [ 'deps/libiconv/lib/cns11643_4b.h', 436, 438 ]
196 silly gunzTarPerm extractEntry deps/libiconv/lib/cns11643_5.h
197 silly gunzTarPerm modified mode [ 'deps/libiconv/lib/cns11643_5.h', 436, 438 ]
198 silly gunzTarPerm extractEntry deps/libiconv/lib/cns11643_6.h
199 silly gunzTarPerm modified mode [ 'deps/libiconv/lib/cns11643_6.h', 436, 438 ]
200 silly gunzTarPerm extractEntry deps/libiconv/lib/cns11643_7.h
201 silly gunzTarPerm modified mode [ 'deps/libiconv/lib/cns11643_7.h', 436, 438 ]
202 silly gunzTarPerm extractEntry deps/libiconv/lib/cns11643_inv.h
203 silly gunzTarPerm modified mode [ 'deps/libiconv/lib/cns11643_inv.h', 436, 438 ]
204 silly gunzTarPerm extractEntry deps/libiconv/lib/converters.h
205 silly gunzTarPerm modified mode [ 'deps/libiconv/lib/converters.h', 436, 438 ]
206 silly gunzTarPerm extractEntry deps/libiconv/lib/cp1046.h
207 silly gunzTarPerm modified mode [ 'deps/libiconv/lib/cp1046.h', 436, 438 ]
208 silly gunzTarPerm extractEntry deps/libiconv/lib/cp1124.h
209 silly gunzTarPerm modified mode [ 'deps/libiconv/lib/cp1124.h', 436, 438 ]
210 silly gunzTarPerm extractEntry deps/libiconv/lib/cp1125.h
211 silly gunzTarPerm modified mode [ 'deps/libiconv/lib/cp1125.h', 436, 438 ]
212 silly gunzTarPerm extractEntry deps/libiconv/lib/cp1129.h
213 silly gunzTarPerm modified mode [ 'deps/libiconv/lib/cp1129.h', 436, 438 ]
214 silly gunzTarPerm extractEntry deps/libiconv/lib/cp1131.h
215 silly gunzTarPerm modified mode [ 'deps/libiconv/lib/cp1131.h', 436, 438 ]
216 silly gunzTarPerm extractEntry deps/libiconv/lib/cp1133.h
217 silly gunzTarPerm modified mode [ 'deps/libiconv/lib/cp1133.h', 436, 438 ]
218 silly gunzTarPerm extractEntry deps/libiconv/lib/cp1161.h
219 silly gunzTarPerm modified mode [ 'deps/libiconv/lib/cp1161.h', 436, 438 ]
220 silly gunzTarPerm extractEntry deps/libiconv/lib/cp1162.h
221 silly gunzTarPerm modified mode [ 'deps/libiconv/lib/cp1162.h', 436, 438 ]
222 silly gunzTarPerm extractEntry deps/libiconv/lib/cp1163.h
223 silly gunzTarPerm modified mode [ 'deps/libiconv/lib/cp1163.h', 436, 438 ]
224 silly gunzTarPerm extractEntry deps/libiconv/lib/cp1250.h
225 silly gunzTarPerm modified mode [ 'deps/libiconv/lib/cp1250.h', 436, 438 ]
226 silly gunzTarPerm extractEntry deps/libiconv/lib/cp1251.h
227 silly gunzTarPerm modified mode [ 'deps/libiconv/lib/cp1251.h', 436, 438 ]
228 silly gunzTarPerm extractEntry deps/libiconv/lib/cp1252.h
229 silly gunzTarPerm modified mode [ 'deps/libiconv/lib/cp1252.h', 436, 438 ]
230 silly gunzTarPerm extractEntry deps/libiconv/lib/cp1253.h
231 silly gunzTarPerm modified mode [ 'deps/libiconv/lib/cp1253.h', 436, 438 ]
232 silly gunzTarPerm extractEntry deps/libiconv/lib/cp1254.h
233 silly gunzTarPerm modified mode [ 'deps/libiconv/lib/cp1254.h', 436, 438 ]
234 silly gunzTarPerm extractEntry deps/libiconv/lib/cp1255.h
235 silly gunzTarPerm modified mode [ 'deps/libiconv/lib/cp1255.h', 436, 438 ]
236 silly gunzTarPerm extractEntry deps/libiconv/lib/cp1256.h
237 silly gunzTarPerm modified mode [ 'deps/libiconv/lib/cp1256.h', 436, 438 ]
238 silly gunzTarPerm extractEntry deps/libiconv/lib/cp1257.h
239 silly gunzTarPerm modified mode [ 'deps/libiconv/lib/cp1257.h', 436, 438 ]
240 silly gunzTarPerm extractEntry deps/libiconv/lib/cp1258.h
241 silly gunzTarPerm modified mode [ 'deps/libiconv/lib/cp1258.h', 436, 438 ]
242 silly gunzTarPerm extractEntry deps/libiconv/lib/cp437.h
243 silly gunzTarPerm modified mode [ 'deps/libiconv/lib/cp437.h', 436, 438 ]
244 silly gunzTarPerm extractEntry deps/libiconv/lib/cp737.h
245 silly gunzTarPerm modified mode [ 'deps/libiconv/lib/cp737.h', 436, 438 ]
246 silly gunzTarPerm extractEntry deps/libiconv/lib/cp775.h
247 silly gunzTarPerm modified mode [ 'deps/libiconv/lib/cp775.h', 436, 438 ]
248 silly gunzTarPerm extractEntry deps/libiconv/lib/cp850.h
249 silly gunzTarPerm modified mode [ 'deps/libiconv/lib/cp850.h', 436, 438 ]
250 silly gunzTarPerm extractEntry deps/libiconv/lib/cp852.h
251 silly gunzTarPerm modified mode [ 'deps/libiconv/lib/cp852.h', 436, 438 ]
252 silly gunzTarPerm extractEntry deps/libiconv/lib/cp853.h
253 silly gunzTarPerm modified mode [ 'deps/libiconv/lib/cp853.h', 436, 438 ]
254 silly gunzTarPerm extractEntry deps/libiconv/lib/cp855.h
255 silly gunzTarPerm modified mode [ 'deps/libiconv/lib/cp855.h', 436, 438 ]
256 silly gunzTarPerm extractEntry deps/libiconv/lib/cp856.h
257 silly gunzTarPerm modified mode [ 'deps/libiconv/lib/cp856.h', 436, 438 ]
258 silly gunzTarPerm extractEntry deps/libiconv/lib/cp857.h
259 silly gunzTarPerm modified mode [ 'deps/libiconv/lib/cp857.h', 436, 438 ]
260 silly gunzTarPerm extractEntry deps/libiconv/lib/cp858.h
261 silly gunzTarPerm modified mode [ 'deps/libiconv/lib/cp858.h', 436, 438 ]
262 silly gunzTarPerm extractEntry deps/libiconv/lib/cp860.h
263 silly gunzTarPerm modified mode [ 'deps/libiconv/lib/cp860.h', 436, 438 ]
264 silly gunzTarPerm extractEntry deps/libiconv/lib/cp861.h
265 silly gunzTarPerm modified mode [ 'deps/libiconv/lib/cp861.h', 436, 438 ]
266 silly gunzTarPerm extractEntry deps/libiconv/lib/cp862.h
267 silly gunzTarPerm modified mode [ 'deps/libiconv/lib/cp862.h', 436, 438 ]
268 silly gunzTarPerm extractEntry deps/libiconv/lib/cp863.h
269 silly gunzTarPerm modified mode [ 'deps/libiconv/lib/cp863.h', 436, 438 ]
270 silly gunzTarPerm extractEntry deps/libiconv/lib/cp864.h
271 silly gunzTarPerm modified mode [ 'deps/libiconv/lib/cp864.h', 436, 438 ]
272 silly gunzTarPerm extractEntry deps/libiconv/lib/cp865.h
273 silly gunzTarPerm modified mode [ 'deps/libiconv/lib/cp865.h', 436, 438 ]
274 silly gunzTarPerm extractEntry deps/libiconv/lib/cp866.h
275 silly gunzTarPerm modified mode [ 'deps/libiconv/lib/cp866.h', 436, 438 ]
276 silly gunzTarPerm extractEntry deps/libiconv/lib/cp869.h
277 silly gunzTarPerm modified mode [ 'deps/libiconv/lib/cp869.h', 436, 438 ]
278 silly gunzTarPerm extractEntry deps/libiconv/lib/cp874.h
279 silly gunzTarPerm modified mode [ 'deps/libiconv/lib/cp874.h', 436, 438 ]
280 silly gunzTarPerm extractEntry deps/libiconv/lib/cp922.h
281 silly gunzTarPerm modified mode [ 'deps/libiconv/lib/cp922.h', 436, 438 ]
282 silly gunzTarPerm extractEntry deps/libiconv/lib/cp932.h
283 silly gunzTarPerm modified mode [ 'deps/libiconv/lib/cp932.h', 436, 438 ]
284 silly gunzTarPerm extractEntry deps/libiconv/lib/cp932ext.h
285 silly gunzTarPerm modified mode [ 'deps/libiconv/lib/cp932ext.h', 436, 438 ]
286 silly gunzTarPerm extractEntry deps/libiconv/lib/cp936.h
287 silly gunzTarPerm modified mode [ 'deps/libiconv/lib/cp936.h', 436, 438 ]
288 silly gunzTarPerm extractEntry deps/libiconv/lib/cp936ext.h
289 silly gunzTarPerm modified mode [ 'deps/libiconv/lib/cp936ext.h', 436, 438 ]
290 silly gunzTarPerm extractEntry deps/libiconv/lib/cp943.h
291 silly gunzTarPerm modified mode [ 'deps/libiconv/lib/cp943.h', 436, 438 ]
292 silly gunzTarPerm extractEntry deps/libiconv/lib/cp949.h
293 silly gunzTarPerm modified mode [ 'deps/libiconv/lib/cp949.h', 436, 438 ]
294 silly gunzTarPerm extractEntry deps/libiconv/lib/cp950.h
295 silly gunzTarPerm modified mode [ 'deps/libiconv/lib/cp950.h', 436, 438 ]
296 silly gunzTarPerm extractEntry deps/libiconv/lib/cp950ext.h
297 silly gunzTarPerm modified mode [ 'deps/libiconv/lib/cp950ext.h', 436, 438 ]
298 silly gunzTarPerm extractEntry deps/libiconv/lib/dec_hanyu.h
299 silly gunzTarPerm modified mode [ 'deps/libiconv/lib/dec_hanyu.h', 436, 438 ]
300 silly gunzTarPerm extractEntry deps/libiconv/lib/dec_kanji.h
301 silly gunzTarPerm modified mode [ 'deps/libiconv/lib/dec_kanji.h', 436, 438 ]
302 silly gunzTarPerm extractEntry deps/libiconv/lib/encodings.def
303 silly gunzTarPerm modified mode [ 'deps/libiconv/lib/encodings.def', 436, 438 ]
304 silly gunzTarPerm extractEntry deps/libiconv/lib/encodings_aix.def
305 silly gunzTarPerm modified mode [ 'deps/libiconv/lib/encodings_aix.def', 436, 438 ]
306 silly gunzTarPerm extractEntry deps/libiconv/lib/encodings_dos.def
307 silly gunzTarPerm modified mode [ 'deps/libiconv/lib/encodings_dos.def', 436, 438 ]
308 silly gunzTarPerm extractEntry deps/libiconv/lib/encodings_extra.def
309 silly gunzTarPerm modified mode [ 'deps/libiconv/lib/encodings_extra.def', 436, 438 ]
310 silly gunzTarPerm extractEntry deps/libiconv/lib/encodings_local.def
311 silly gunzTarPerm modified mode [ 'deps/libiconv/lib/encodings_local.def', 436, 438 ]
312 silly gunzTarPerm extractEntry deps/libiconv/lib/encodings_osf1.def
313 silly gunzTarPerm modified mode [ 'deps/libiconv/lib/encodings_osf1.def', 436, 438 ]
314 silly gunzTarPerm extractEntry deps/libiconv/lib/euc_cn.h
315 silly gunzTarPerm modified mode [ 'deps/libiconv/lib/euc_cn.h', 436, 438 ]
316 silly gunzTarPerm extractEntry deps/libiconv/lib/euc_jisx0213.h
317 silly gunzTarPerm modified mode [ 'deps/libiconv/lib/euc_jisx0213.h', 436, 438 ]
318 silly gunzTarPerm extractEntry deps/libiconv/lib/euc_jp.h
319 silly gunzTarPerm modified mode [ 'deps/libiconv/lib/euc_jp.h', 436, 438 ]
320 silly gunzTarPerm extractEntry deps/libiconv/lib/euc_kr.h
321 silly gunzTarPerm modified mode [ 'deps/libiconv/lib/euc_kr.h', 436, 438 ]
322 silly gunzTarPerm extractEntry deps/libiconv/lib/aliases.h
323 silly gunzTarPerm modified mode [ 'deps/libiconv/lib/aliases.h', 436, 438 ]
324 silly gunzTarPerm extractEntry deps/libiconv/lib/flags.h
325 silly gunzTarPerm modified mode [ 'deps/libiconv/lib/flags.h', 436, 438 ]
326 silly gunzTarPerm extractEntry deps/libiconv/lib/flushwc.h
327 silly gunzTarPerm modified mode [ 'deps/libiconv/lib/flushwc.h', 436, 438 ]
328 silly gunzTarPerm extractEntry deps/libiconv/lib/gb12345.h
329 silly gunzTarPerm modified mode [ 'deps/libiconv/lib/gb12345.h', 436, 438 ]
330 silly gunzTarPerm extractEntry deps/libiconv/lib/gb12345ext.h
331 silly gunzTarPerm modified mode [ 'deps/libiconv/lib/gb12345ext.h', 436, 438 ]
332 silly gunzTarPerm extractEntry deps/libiconv/lib/gb18030.h
333 silly gunzTarPerm modified mode [ 'deps/libiconv/lib/gb18030.h', 436, 438 ]
334 silly gunzTarPerm extractEntry deps/libiconv/lib/gb18030ext.h
335 silly gunzTarPerm modified mode [ 'deps/libiconv/lib/gb18030ext.h', 436, 438 ]
336 silly gunzTarPerm extractEntry deps/libiconv/lib/gb18030uni.h
337 silly gunzTarPerm modified mode [ 'deps/libiconv/lib/gb18030uni.h', 436, 438 ]
338 silly gunzTarPerm extractEntry deps/libiconv/lib/gb2312.h
339 silly gunzTarPerm modified mode [ 'deps/libiconv/lib/gb2312.h', 436, 438 ]
340 silly gunzTarPerm extractEntry deps/libiconv/lib/gbk.h
341 silly gunzTarPerm modified mode [ 'deps/libiconv/lib/gbk.h', 436, 438 ]
342 silly gunzTarPerm extractEntry deps/libiconv/lib/gbkext1.h
343 silly gunzTarPerm modified mode [ 'deps/libiconv/lib/gbkext1.h', 436, 438 ]
344 silly gunzTarPerm extractEntry deps/libiconv/lib/gbkext2.h
345 silly gunzTarPerm modified mode [ 'deps/libiconv/lib/gbkext2.h', 436, 438 ]
346 silly gunzTarPerm extractEntry deps/libiconv/lib/gbkext_inv.h
347 silly gunzTarPerm modified mode [ 'deps/libiconv/lib/gbkext_inv.h', 436, 438 ]
348 silly gunzTarPerm extractEntry deps/libiconv/lib/genaliases.c
349 silly gunzTarPerm modified mode [ 'deps/libiconv/lib/genaliases.c', 436, 438 ]
350 silly gunzTarPerm extractEntry deps/libiconv/lib/genaliases2.c
351 silly gunzTarPerm modified mode [ 'deps/libiconv/lib/genaliases2.c', 436, 438 ]
352 silly gunzTarPerm extractEntry deps/libiconv/lib/genflags.c
353 silly gunzTarPerm modified mode [ 'deps/libiconv/lib/genflags.c', 436, 438 ]
354 silly gunzTarPerm extractEntry deps/libiconv/lib/gentranslit.c
355 silly gunzTarPerm modified mode [ 'deps/libiconv/lib/gentranslit.c', 436, 438 ]
356 silly gunzTarPerm extractEntry deps/libiconv/lib/georgian_academy.h
357 silly gunzTarPerm modified mode [ 'deps/libiconv/lib/georgian_academy.h', 436, 438 ]
358 silly gunzTarPerm extractEntry deps/libiconv/lib/georgian_ps.h
359 silly gunzTarPerm modified mode [ 'deps/libiconv/lib/georgian_ps.h', 436, 438 ]
360 silly gunzTarPerm extractEntry deps/libiconv/lib/hkscs1999.h
361 silly gunzTarPerm modified mode [ 'deps/libiconv/lib/hkscs1999.h', 436, 438 ]
362 silly gunzTarPerm extractEntry deps/libiconv/lib/hkscs2001.h
363 silly gunzTarPerm modified mode [ 'deps/libiconv/lib/hkscs2001.h', 436, 438 ]
364 silly gunzTarPerm extractEntry deps/libiconv/lib/hkscs2004.h
365 silly gunzTarPerm modified mode [ 'deps/libiconv/lib/hkscs2004.h', 436, 438 ]
366 silly gunzTarPerm extractEntry deps/libiconv/lib/hkscs2008.h
367 silly gunzTarPerm modified mode [ 'deps/libiconv/lib/hkscs2008.h', 436, 438 ]
368 silly gunzTarPerm extractEntry deps/libiconv/lib/hp_roman8.h
369 silly gunzTarPerm modified mode [ 'deps/libiconv/lib/hp_roman8.h', 436, 438 ]
370 silly gunzTarPerm extractEntry deps/libiconv/lib/hz.h
371 silly gunzTarPerm modified mode [ 'deps/libiconv/lib/hz.h', 436, 438 ]
372 silly gunzTarPerm extractEntry deps/libiconv/lib/iconv.c
373 silly gunzTarPerm modified mode [ 'deps/libiconv/lib/iconv.c', 436, 438 ]
374 silly gunzTarPerm extractEntry deps/libiconv/lib/iconv_open1.h
375 silly gunzTarPerm modified mode [ 'deps/libiconv/lib/iconv_open1.h', 436, 438 ]
376 silly gunzTarPerm extractEntry deps/libiconv/lib/iconv_open2.h
377 silly gunzTarPerm modified mode [ 'deps/libiconv/lib/iconv_open2.h', 436, 438 ]
378 silly gunzTarPerm extractEntry deps/libiconv/lib/iso2022_cn.h
379 silly gunzTarPerm modified mode [ 'deps/libiconv/lib/iso2022_cn.h', 436, 438 ]
380 silly gunzTarPerm extractEntry deps/libiconv/lib/iso2022_cnext.h
381 silly gunzTarPerm modified mode [ 'deps/libiconv/lib/iso2022_cnext.h', 436, 438 ]
382 silly gunzTarPerm extractEntry deps/libiconv/lib/iso2022_jp.h
383 silly gunzTarPerm modified mode [ 'deps/libiconv/lib/iso2022_jp.h', 436, 438 ]
384 silly gunzTarPerm extractEntry deps/libiconv/lib/iso2022_jp1.h
385 silly gunzTarPerm modified mode [ 'deps/libiconv/lib/iso2022_jp1.h', 436, 438 ]
386 silly gunzTarPerm extractEntry deps/libiconv/lib/iso2022_jp2.h
387 silly gunzTarPerm modified mode [ 'deps/libiconv/lib/iso2022_jp2.h', 436, 438 ]
388 silly gunzTarPerm extractEntry deps/libiconv/lib/iso2022_jp3.h
389 silly gunzTarPerm modified mode [ 'deps/libiconv/lib/iso2022_jp3.h', 436, 438 ]
390 silly gunzTarPerm extractEntry deps/libiconv/lib/iso2022_kr.h
391 silly gunzTarPerm modified mode [ 'deps/libiconv/lib/iso2022_kr.h', 436, 438 ]
392 silly gunzTarPerm extractEntry deps/libiconv/lib/iso646_cn.h
393 silly gunzTarPerm modified mode [ 'deps/libiconv/lib/iso646_cn.h', 436, 438 ]
394 silly gunzTarPerm extractEntry deps/libiconv/lib/iso646_jp.h
395 silly gunzTarPerm modified mode [ 'deps/libiconv/lib/iso646_jp.h', 436, 438 ]
396 silly gunzTarPerm extractEntry deps/libiconv/lib/iso8859_1.h
397 silly gunzTarPerm modified mode [ 'deps/libiconv/lib/iso8859_1.h', 436, 438 ]
398 silly gunzTarPerm extractEntry deps/libiconv/lib/iso8859_10.h
399 silly gunzTarPerm modified mode [ 'deps/libiconv/lib/iso8859_10.h', 436, 438 ]
400 silly gunzTarPerm extractEntry deps/libiconv/lib/iso8859_11.h
401 silly gunzTarPerm modified mode [ 'deps/libiconv/lib/iso8859_11.h', 436, 438 ]
402 silly gunzTarPerm extractEntry deps/libiconv/lib/iso8859_13.h
403 silly gunzTarPerm modified mode [ 'deps/libiconv/lib/iso8859_13.h', 436, 438 ]
404 silly gunzTarPerm extractEntry deps/libiconv/lib/iso8859_14.h
405 silly gunzTarPerm modified mode [ 'deps/libiconv/lib/iso8859_14.h', 436, 438 ]
406 silly gunzTarPerm extractEntry deps/libiconv/lib/iso8859_15.h
407 silly gunzTarPerm modified mode [ 'deps/libiconv/lib/iso8859_15.h', 436, 438 ]
408 silly gunzTarPerm extractEntry deps/libiconv/lib/iso8859_16.h
409 silly gunzTarPerm modified mode [ 'deps/libiconv/lib/iso8859_16.h', 436, 438 ]
410 silly gunzTarPerm extractEntry deps/libiconv/lib/iso8859_2.h
411 silly gunzTarPerm modified mode [ 'deps/libiconv/lib/iso8859_2.h', 436, 438 ]
412 silly gunzTarPerm extractEntry deps/libiconv/lib/iso8859_3.h
413 silly gunzTarPerm modified mode [ 'deps/libiconv/lib/iso8859_3.h', 436, 438 ]
414 silly gunzTarPerm extractEntry deps/libiconv/lib/iso8859_4.h
415 silly gunzTarPerm modified mode [ 'deps/libiconv/lib/iso8859_4.h', 436, 438 ]
416 silly gunzTarPerm extractEntry deps/libiconv/lib/iso8859_5.h
417 silly gunzTarPerm modified mode [ 'deps/libiconv/lib/iso8859_5.h', 436, 438 ]
418 silly gunzTarPerm extractEntry deps/libiconv/lib/iso8859_6.h
419 silly gunzTarPerm modified mode [ 'deps/libiconv/lib/iso8859_6.h', 436, 438 ]
420 silly gunzTarPerm extractEntry deps/libiconv/lib/iso8859_7.h
421 silly gunzTarPerm modified mode [ 'deps/libiconv/lib/iso8859_7.h', 436, 438 ]
422 silly gunzTarPerm extractEntry deps/libiconv/lib/iso8859_8.h
423 silly gunzTarPerm modified mode [ 'deps/libiconv/lib/iso8859_8.h', 436, 438 ]
424 silly gunzTarPerm extractEntry deps/libiconv/lib/iso8859_9.h
425 silly gunzTarPerm modified mode [ 'deps/libiconv/lib/iso8859_9.h', 436, 438 ]
426 silly gunzTarPerm extractEntry deps/libiconv/lib/isoir165.h
427 silly gunzTarPerm modified mode [ 'deps/libiconv/lib/isoir165.h', 436, 438 ]
428 silly gunzTarPerm extractEntry deps/libiconv/lib/isoir165ext.h
429 silly gunzTarPerm modified mode [ 'deps/libiconv/lib/isoir165ext.h', 436, 438 ]
430 silly gunzTarPerm extractEntry deps/libiconv/lib/java.h
431 silly gunzTarPerm modified mode [ 'deps/libiconv/lib/java.h', 436, 438 ]
432 silly gunzTarPerm extractEntry deps/libiconv/lib/jisx0201.h
433 silly gunzTarPerm modified mode [ 'deps/libiconv/lib/jisx0201.h', 436, 438 ]
434 silly gunzTarPerm extractEntry deps/libiconv/lib/jisx0208.h
435 silly gunzTarPerm modified mode [ 'deps/libiconv/lib/jisx0208.h', 436, 438 ]
436 silly gunzTarPerm extractEntry deps/libiconv/lib/jisx0212.h
437 silly gunzTarPerm modified mode [ 'deps/libiconv/lib/jisx0212.h', 436, 438 ]
438 silly gunzTarPerm extractEntry deps/libiconv/lib/jisx0213.h
439 silly gunzTarPerm modified mode [ 'deps/libiconv/lib/jisx0213.h', 436, 438 ]
440 silly gunzTarPerm extractEntry deps/libiconv/lib/johab.h
441 silly gunzTarPerm modified mode [ 'deps/libiconv/lib/johab.h', 436, 438 ]
442 silly gunzTarPerm extractEntry deps/libiconv/lib/johab_hangul.h
443 silly gunzTarPerm modified mode [ 'deps/libiconv/lib/johab_hangul.h', 436, 438 ]
444 silly gunzTarPerm extractEntry deps/libiconv/lib/koi8_r.h
445 silly gunzTarPerm modified mode [ 'deps/libiconv/lib/koi8_r.h', 436, 438 ]
446 silly gunzTarPerm extractEntry deps/libiconv/lib/koi8_ru.h
447 silly gunzTarPerm modified mode [ 'deps/libiconv/lib/koi8_ru.h', 436, 438 ]
448 silly gunzTarPerm extractEntry deps/libiconv/lib/koi8_t.h
449 silly gunzTarPerm modified mode [ 'deps/libiconv/lib/koi8_t.h', 436, 438 ]
450 silly gunzTarPerm extractEntry deps/libiconv/lib/koi8_u.h
451 silly gunzTarPerm modified mode [ 'deps/libiconv/lib/koi8_u.h', 436, 438 ]
452 silly gunzTarPerm extractEntry deps/libiconv/lib/ksc5601.h
453 silly gunzTarPerm modified mode [ 'deps/libiconv/lib/ksc5601.h', 436, 438 ]
454 silly gunzTarPerm extractEntry deps/libiconv/lib/loop_unicode.h
455 silly gunzTarPerm modified mode [ 'deps/libiconv/lib/loop_unicode.h', 436, 438 ]
456 silly gunzTarPerm extractEntry deps/libiconv/lib/loop_wchar.h
457 silly gunzTarPerm modified mode [ 'deps/libiconv/lib/loop_wchar.h', 436, 438 ]
458 silly gunzTarPerm extractEntry deps/libiconv/lib/loops.h
459 silly gunzTarPerm modified mode [ 'deps/libiconv/lib/loops.h', 436, 438 ]
460 silly gunzTarPerm extractEntry deps/libiconv/lib/mac_arabic.h
461 silly gunzTarPerm modified mode [ 'deps/libiconv/lib/mac_arabic.h', 436, 438 ]
462 silly gunzTarPerm extractEntry deps/libiconv/lib/mac_centraleurope.h
463 silly gunzTarPerm modified mode [ 'deps/libiconv/lib/mac_centraleurope.h', 436, 438 ]
464 silly gunzTarPerm extractEntry deps/libiconv/lib/mac_croatian.h
465 silly gunzTarPerm modified mode [ 'deps/libiconv/lib/mac_croatian.h', 436, 438 ]
466 silly gunzTarPerm extractEntry deps/libiconv/lib/mac_cyrillic.h
467 silly gunzTarPerm modified mode [ 'deps/libiconv/lib/mac_cyrillic.h', 436, 438 ]
468 silly gunzTarPerm extractEntry deps/libiconv/lib/mac_greek.h
469 silly gunzTarPerm modified mode [ 'deps/libiconv/lib/mac_greek.h', 436, 438 ]
470 silly gunzTarPerm extractEntry deps/libiconv/lib/mac_hebrew.h
471 silly gunzTarPerm modified mode [ 'deps/libiconv/lib/mac_hebrew.h', 436, 438 ]
472 silly gunzTarPerm extractEntry deps/libiconv/lib/mac_iceland.h
473 silly gunzTarPerm modified mode [ 'deps/libiconv/lib/mac_iceland.h', 436, 438 ]
474 silly gunzTarPerm extractEntry deps/libiconv/lib/mac_roman.h
475 silly gunzTarPerm modified mode [ 'deps/libiconv/lib/mac_roman.h', 436, 438 ]
476 silly gunzTarPerm extractEntry deps/libiconv/lib/mac_romania.h
477 silly gunzTarPerm modified mode [ 'deps/libiconv/lib/mac_romania.h', 436, 438 ]
478 silly gunzTarPerm extractEntry deps/libiconv/lib/mac_thai.h
479 silly gunzTarPerm modified mode [ 'deps/libiconv/lib/mac_thai.h', 436, 438 ]
480 silly gunzTarPerm extractEntry deps/libiconv/lib/mac_turkish.h
481 silly gunzTarPerm modified mode [ 'deps/libiconv/lib/mac_turkish.h', 436, 438 ]
482 silly gunzTarPerm extractEntry deps/libiconv/lib/mac_ukraine.h
483 silly gunzTarPerm modified mode [ 'deps/libiconv/lib/mac_ukraine.h', 436, 438 ]
484 silly gunzTarPerm extractEntry deps/libiconv/lib/mulelao.h
485 silly gunzTarPerm modified mode [ 'deps/libiconv/lib/mulelao.h', 436, 438 ]
486 silly gunzTarPerm extractEntry deps/libiconv/lib/nextstep.h
487 silly gunzTarPerm modified mode [ 'deps/libiconv/lib/nextstep.h', 436, 438 ]
488 silly gunzTarPerm extractEntry deps/libiconv/lib/pt154.h
489 silly gunzTarPerm modified mode [ 'deps/libiconv/lib/pt154.h', 436, 438 ]
490 silly gunzTarPerm extractEntry deps/libiconv/lib/relocatable.c
491 silly gunzTarPerm modified mode [ 'deps/libiconv/lib/relocatable.c', 436, 438 ]
492 silly gunzTarPerm extractEntry deps/libiconv/lib/relocatable.h
493 silly gunzTarPerm modified mode [ 'deps/libiconv/lib/relocatable.h', 436, 438 ]
494 silly gunzTarPerm extractEntry deps/libiconv/lib/riscos1.h
495 silly gunzTarPerm modified mode [ 'deps/libiconv/lib/riscos1.h', 436, 438 ]
496 silly gunzTarPerm extractEntry deps/libiconv/lib/rk1048.h
497 silly gunzTarPerm modified mode [ 'deps/libiconv/lib/rk1048.h', 436, 438 ]
498 silly gunzTarPerm extractEntry deps/libiconv/lib/shift_jisx0213.h
499 silly gunzTarPerm modified mode [ 'deps/libiconv/lib/shift_jisx0213.h', 436, 438 ]
500 silly gunzTarPerm extractEntry deps/libiconv/lib/sjis.h
501 silly gunzTarPerm modified mode [ 'deps/libiconv/lib/sjis.h', 436, 438 ]
502 silly gunzTarPerm extractEntry deps/libiconv/lib/tcvn.h
503 silly gunzTarPerm modified mode [ 'deps/libiconv/lib/tcvn.h', 436, 438 ]
504 silly gunzTarPerm extractEntry deps/libiconv/lib/tds565.h
505 silly gunzTarPerm modified mode [ 'deps/libiconv/lib/tds565.h', 436, 438 ]
506 silly gunzTarPerm extractEntry deps/libiconv/lib/tis620.h
507 silly gunzTarPerm modified mode [ 'deps/libiconv/lib/tis620.h', 436, 438 ]
508 silly gunzTarPerm extractEntry deps/libiconv/lib/translit.def
509 silly gunzTarPerm modified mode [ 'deps/libiconv/lib/translit.def', 436, 438 ]
510 silly gunzTarPerm extractEntry deps/libiconv/lib/translit.h
511 silly gunzTarPerm modified mode [ 'deps/libiconv/lib/translit.h', 436, 438 ]
512 silly gunzTarPerm extractEntry deps/libiconv/lib/ucs2.h
513 silly gunzTarPerm modified mode [ 'deps/libiconv/lib/ucs2.h', 436, 438 ]
514 silly gunzTarPerm extractEntry deps/libiconv/lib/ucs2be.h
515 silly gunzTarPerm modified mode [ 'deps/libiconv/lib/ucs2be.h', 436, 438 ]
516 silly gunzTarPerm extractEntry deps/libiconv/lib/ucs2internal.h
517 silly gunzTarPerm modified mode [ 'deps/libiconv/lib/ucs2internal.h', 436, 438 ]
518 silly gunzTarPerm extractEntry deps/libiconv/lib/ucs2le.h
519 silly gunzTarPerm modified mode [ 'deps/libiconv/lib/ucs2le.h', 436, 438 ]
520 silly gunzTarPerm extractEntry deps/libiconv/lib/ucs2swapped.h
521 silly gunzTarPerm modified mode [ 'deps/libiconv/lib/ucs2swapped.h', 436, 438 ]
522 silly gunzTarPerm extractEntry deps/libiconv/lib/ucs4.h
523 silly gunzTarPerm modified mode [ 'deps/libiconv/lib/ucs4.h', 436, 438 ]
524 silly gunzTarPerm extractEntry deps/libiconv/lib/ucs4be.h
525 silly gunzTarPerm modified mode [ 'deps/libiconv/lib/ucs4be.h', 436, 438 ]
526 silly gunzTarPerm extractEntry deps/libiconv/lib/ucs4internal.h
527 silly gunzTarPerm modified mode [ 'deps/libiconv/lib/ucs4internal.h', 436, 438 ]
528 silly gunzTarPerm extractEntry deps/libiconv/lib/ucs4le.h
529 silly gunzTarPerm modified mode [ 'deps/libiconv/lib/ucs4le.h', 436, 438 ]
530 silly gunzTarPerm extractEntry deps/libiconv/lib/ucs4swapped.h
531 silly gunzTarPerm modified mode [ 'deps/libiconv/lib/ucs4swapped.h', 436, 438 ]
532 silly gunzTarPerm extractEntry deps/libiconv/lib/uhc_1.h
533 silly gunzTarPerm modified mode [ 'deps/libiconv/lib/uhc_1.h', 436, 438 ]
534 silly gunzTarPerm extractEntry deps/libiconv/lib/uhc_2.h
535 silly gunzTarPerm modified mode [ 'deps/libiconv/lib/uhc_2.h', 436, 438 ]
536 silly gunzTarPerm extractEntry deps/libiconv/lib/utf16.h
537 silly gunzTarPerm modified mode [ 'deps/libiconv/lib/utf16.h', 436, 438 ]
538 silly gunzTarPerm extractEntry deps/libiconv/lib/utf16be.h
539 silly gunzTarPerm modified mode [ 'deps/libiconv/lib/utf16be.h', 436, 438 ]
540 silly gunzTarPerm extractEntry deps/libiconv/lib/utf16le.h
541 silly gunzTarPerm modified mode [ 'deps/libiconv/lib/utf16le.h', 436, 438 ]
542 silly gunzTarPerm extractEntry deps/libiconv/lib/utf32.h
543 silly gunzTarPerm modified mode [ 'deps/libiconv/lib/utf32.h', 436, 438 ]
544 silly gunzTarPerm extractEntry deps/libiconv/lib/utf32be.h
545 silly gunzTarPerm modified mode [ 'deps/libiconv/lib/utf32be.h', 436, 438 ]
546 silly gunzTarPerm extractEntry deps/libiconv/lib/utf32le.h
547 silly gunzTarPerm modified mode [ 'deps/libiconv/lib/utf32le.h', 436, 438 ]
548 silly gunzTarPerm extractEntry deps/libiconv/lib/utf7.h
549 silly gunzTarPerm modified mode [ 'deps/libiconv/lib/utf7.h', 436, 438 ]
550 silly gunzTarPerm extractEntry deps/libiconv/lib/utf8.h
551 silly gunzTarPerm modified mode [ 'deps/libiconv/lib/utf8.h', 436, 438 ]
552 silly gunzTarPerm extractEntry deps/libiconv/lib/vietcomb.h
553 silly gunzTarPerm modified mode [ 'deps/libiconv/lib/vietcomb.h', 436, 438 ]
554 silly gunzTarPerm extractEntry deps/libiconv/lib/viscii.h
555 silly gunzTarPerm modified mode [ 'deps/libiconv/lib/viscii.h', 436, 438 ]
556 silly gunzTarPerm extractEntry lib/iconv.js
557 silly gunzTarPerm modified mode [ 'lib/iconv.js', 436, 438 ]
558 silly gunzTarPerm extractEntry src/binding.cc
559 silly gunzTarPerm modified mode [ 'src/binding.cc', 436, 438 ]
560 silly gunzTarPerm extractEntry support/config.h
561 silly gunzTarPerm modified mode [ 'support/config.h', 436, 438 ]
562 silly gunzTarPerm extractEntry support/iconv.h
563 silly gunzTarPerm modified mode [ 'support/iconv.h', 436, 438 ]
564 silly gunzTarPerm extractEntry test/test-basic.js
565 silly gunzTarPerm modified mode [ 'test/test-basic.js', 436, 438 ]
566 silly gunzTarPerm extractEntry test/test-big-buffer.js
567 silly gunzTarPerm modified mode [ 'test/test-big-buffer.js', 436, 438 ]
568 silly gunzTarPerm extractEntry test/test-stream.js
569 silly gunzTarPerm modified mode [ 'test/test-stream.js', 436, 438 ]
570 silly gunzTarPerm extractEntry test/fixtures/lorem-ipsum.txt
571 silly gunzTarPerm modified mode [ 'test/fixtures/lorem-ipsum.txt', 436, 438 ]
572 info preinstall iconv@2.1.6
573 silly prepareForInstallMany adding nan@~1.6.2 from iconv dependencies
574 silly cache add args [ 'nan@~1.6.2', null ]
575 verbose cache add spec nan@~1.6.2
576 silly cache add parsed spec { raw: 'nan@~1.6.2',
576 silly cache add   scope: null,
576 silly cache add   name: 'nan',
576 silly cache add   rawSpec: '~1.6.2',
576 silly cache add   spec: '>=1.6.2 <1.7.0',
576 silly cache add   type: 'range' }
577 verbose addNamed nan@>=1.6.2 <1.7.0
578 silly addNamed semver.valid null
579 silly addNamed semver.validRange >=1.6.2 <1.7.0
580 silly addNameRange { name: 'nan', range: '>=1.6.2 <1.7.0', hasData: false }
581 silly mapToRegistry name nan
582 silly mapToRegistry using default registry
583 silly mapToRegistry registry https://registry.npmjs.org/
584 silly mapToRegistry uri https://registry.npmjs.org/nan
585 verbose addNameRange registry:https://registry.npmjs.org/nan not in flight; fetching
586 verbose request uri https://registry.npmjs.org/nan
587 verbose request no auth needed
588 info attempt registry request try #1 at 20:50:54
589 verbose etag "2RVNOBUBIPFCFHXKKPTSTKGB8"
590 http request GET https://registry.npmjs.org/nan
591 http 304 https://registry.npmjs.org/nan
592 silly get cb [ 304,
592 silly get   { date: 'Wed, 08 Apr 2015 17:50:59 GMT',
592 silly get     server: 'Apache',
592 silly get     via: '1.1 varnish',
592 silly get     'last-modified': 'Wed, 08 Apr 2015 17:50:58 GMT',
592 silly get     'cache-control': 'max-age=60',
592 silly get     etag: '"2RVNOBUBIPFCFHXKKPTSTKGB8"',
592 silly get     age: '40',
592 silly get     'x-served-by': 'cache-fra1242-FRA',
592 silly get     'x-cache': 'HIT',
592 silly get     'x-cache-hits': '2',
592 silly get     'x-timer': 'S1428515459.738516,VS0,VE0',
592 silly get     vary: 'Accept',
592 silly get     'content-length': '0',
592 silly get     'keep-alive': 'timeout=10, max=50',
592 silly get     connection: 'Keep-Alive' } ]
593 verbose etag https://registry.npmjs.org/nan from cache
594 verbose get saving nan to C:\Users\zarew_000\AppData\Roaming\npm-cache\registry.npmjs.org\nan\.cache.json
595 silly addNameRange number 2 { name: 'nan', range: '>=1.6.2 <1.7.0', hasData: true }
596 silly addNameRange versions [ 'nan',
596 silly addNameRange   [ '0.3.0-wip',
596 silly addNameRange     '0.3.0-wip2',
596 silly addNameRange     '0.3.0',
596 silly addNameRange     '0.3.1',
596 silly addNameRange     '0.3.2',
596 silly addNameRange     '0.4.0',
596 silly addNameRange     '0.4.1',
596 silly addNameRange     '0.4.2',
596 silly addNameRange     '0.4.3',
596 silly addNameRange     '0.4.4',
596 silly addNameRange     '0.5.0',
596 silly addNameRange     '0.5.1',
596 silly addNameRange     '0.5.2',
596 silly addNameRange     '0.6.0',
596 silly addNameRange     '0.7.0',
596 silly addNameRange     '0.7.1',
596 silly addNameRange     '0.8.0',
596 silly addNameRange     '1.0.0',
596 silly addNameRange     '1.1.0',
596 silly addNameRange     '1.1.1',
596 silly addNameRange     '1.1.2',
596 silly addNameRange     '1.2.0',
596 silly addNameRange     '1.3.0',
596 silly addNameRange     '1.4.0',
596 silly addNameRange     '1.4.1',
596 silly addNameRange     '1.5.0',
596 silly addNameRange     '1.4.2',
596 silly addNameRange     '1.4.3',
596 silly addNameRange     '1.5.1',
596 silly addNameRange     '1.5.2',
596 silly addNameRange     '1.6.0',
596 silly addNameRange     '1.5.3',
596 silly addNameRange     '1.6.1',
596 silly addNameRange     '1.6.2',
596 silly addNameRange     '1.7.0' ] ]
597 verbose addNamed nan@1.6.2
598 silly addNamed semver.valid 1.6.2
599 silly addNamed semver.validRange 1.6.2
600 silly cache afterAdd nan@1.6.2
601 verbose afterAdd C:\Users\zarew_000\AppData\Roaming\npm-cache\nan\1.6.2\package\package.json not in flight; writing
602 verbose afterAdd C:\Users\zarew_000\AppData\Roaming\npm-cache\nan\1.6.2\package\package.json written
603 silly install resolved [ { name: 'nan',
603 silly install resolved     version: '1.6.2',
603 silly install resolved     description: 'Native Abstractions for Node.js: C++ header for Node 0.8->0.12 compatibility',
603 silly install resolved     main: 'include_dirs.js',
603 silly install resolved     repository: { type: 'git', url: 'git://github.com/rvagg/nan.git' },
603 silly install resolved     scripts:
603 silly install resolved      { test: 'tap --gc test/js/*-test.js',
603 silly install resolved        'rebuild-tests': 'pangyp rebuild --directory test' },
603 silly install resolved     contributors:
603 silly install resolved      [ [Object],
603 silly install resolved        [Object],
603 silly install resolved        [Object],
603 silly install resolved        [Object],
603 silly install resolved        [Object],
603 silly install resolved        [Object],
603 silly install resolved        [Object] ],
603 silly install resolved     devDependencies:
603 silly install resolved      { bindings: '~1.2.1',
603 silly install resolved        'node-gyp': '~1.0.2',
603 silly install resolved        pangyp: '~2.0.1',
603 silly install resolved        tap: '~0.5.0',
603 silly install resolved        xtend: '~4.0.0' },
603 silly install resolved     license: 'MIT',
603 silly install resolved     gitHead: 'ab0e5eed8d4aa36111bf8f44cf75644ece327e98',
603 silly install resolved     bugs: { url: 'https://github.com/rvagg/nan/issues' },
603 silly install resolved     homepage: 'https://github.com/rvagg/nan',
603 silly install resolved     _id: 'nan@1.6.2',
603 silly install resolved     _shasum: '2657d1c43b00f1e847e083832285b7d8f5ba8ec8',
603 silly install resolved     _from: 'nan@>=1.6.2 <1.7.0',
603 silly install resolved     _npmVersion: '2.0.0',
603 silly install resolved     _npmUser: { name: 'kkoopa', email: 'bbyholm@abo.fi' },
603 silly install resolved     maintainers: [ [Object], [Object] ],
603 silly install resolved     dist:
603 silly install resolved      { shasum: '2657d1c43b00f1e847e083832285b7d8f5ba8ec8',
603 silly install resolved        tarball: 'http://registry.npmjs.org/nan/-/nan-1.6.2.tgz' },
603 silly install resolved     directories: {},
603 silly install resolved     _resolved: 'https://registry.npmjs.org/nan/-/nan-1.6.2.tgz',
603 silly install resolved     readme: 'ERROR: No README data found!' } ]
604 info install nan@1.6.2 into C:\WebStormProject\lab\node_modules\iconv
605 info installOne nan@1.6.2
606 verbose installOne of nan to C:\WebStormProject\lab\node_modules\iconv not in flight; installing
607 verbose lock using C:\Users\zarew_000\AppData\Roaming\npm-cache\_locks\nan-51a5a3e5f0ca1486.lock for C:\WebStormProject\lab\node_modules\iconv\node_modules\nan
608 silly install write writing nan 1.6.2 to C:\WebStormProject\lab\node_modules\iconv\node_modules\nan
609 silly cache addNamed cb nan@1.6.2
610 verbose unbuild node_modules\iconv\node_modules\nan
611 verbose gentlyRm vacuuming C:\WebStormProject\lab\node_modules\iconv\node_modules\nan
612 verbose tar unpack C:\Users\zarew_000\AppData\Roaming\npm-cache\nan\1.6.2\package.tgz
613 verbose tar unpacking to C:\WebStormProject\lab\node_modules\iconv\node_modules\nan
614 verbose gentlyRm vacuuming C:\WebStormProject\lab\node_modules\iconv\node_modules\nan
615 silly gunzTarPerm modes [ '777', '666' ]
616 silly gunzTarPerm extractEntry package.json
617 silly gunzTarPerm modified mode [ 'package.json', 436, 438 ]
618 silly gunzTarPerm extractEntry include_dirs.js
619 silly gunzTarPerm modified mode [ 'include_dirs.js', 436, 438 ]
620 silly gunzTarPerm extractEntry LICENSE.md
621 silly gunzTarPerm modified mode [ 'LICENSE.md', 436, 438 ]
622 silly gunzTarPerm extractEntry .dntrc
623 silly gunzTarPerm modified mode [ '.dntrc', 436, 438 ]
624 silly gunzTarPerm extractEntry appveyor.yml
625 silly gunzTarPerm modified mode [ 'appveyor.yml', 436, 438 ]
626 silly gunzTarPerm extractEntry nan.h
627 silly gunzTarPerm modified mode [ 'nan.h', 436, 438 ]
628 silly gunzTarPerm extractEntry nan_implementation_12_inl.h
629 silly gunzTarPerm modified mode [ 'nan_implementation_12_inl.h', 436, 438 ]
630 silly gunzTarPerm extractEntry nan_implementation_pre_12_inl.h
631 silly gunzTarPerm modified mode [ 'nan_implementation_pre_12_inl.h', 436, 438 ]
632 silly gunzTarPerm extractEntry nan_new.h
633 silly gunzTarPerm modified mode [ 'nan_new.h', 436, 438 ]
634 silly gunzTarPerm extractEntry nan_string_bytes.h
635 silly gunzTarPerm modified mode [ 'nan_string_bytes.h', 436, 438 ]
636 silly gunzTarPerm extractEntry CHANGELOG.md
637 silly gunzTarPerm modified mode [ 'CHANGELOG.md', 436, 438 ]
638 info preinstall nan@1.6.2
639 silly install resolved []
640 verbose about to build C:\WebStormProject\lab\node_modules\iconv\node_modules\nan
641 info build C:\WebStormProject\lab\node_modules\iconv\node_modules\nan
642 verbose linkStuff [ false,
642 verbose linkStuff   false,
642 verbose linkStuff   false,
642 verbose linkStuff   'C:\\WebStormProject\\lab\\node_modules\\iconv\\node_modules' ]
643 info linkStuff nan@1.6.2
644 verbose linkBins nan@1.6.2
645 verbose linkMans nan@1.6.2
646 verbose rebuildBundles nan@1.6.2
647 info install nan@1.6.2
648 info postinstall nan@1.6.2
649 verbose unlock done using C:\Users\zarew_000\AppData\Roaming\npm-cache\_locks\nan-51a5a3e5f0ca1486.lock for C:\WebStormProject\lab\node_modules\iconv\node_modules\nan
650 verbose about to build C:\WebStormProject\lab\node_modules\iconv
651 info build C:\WebStormProject\lab\node_modules\iconv
652 verbose linkStuff [ false, false, false, 'C:\\WebStormProject\\lab\\node_modules' ]
653 info linkStuff iconv@2.1.6
654 verbose linkBins iconv@2.1.6
655 verbose linkMans iconv@2.1.6
656 verbose rebuildBundles iconv@2.1.6
657 verbose rebuildBundles [ 'nan' ]
658 info install iconv@2.1.6
659 verbose unsafe-perm in lifecycle true
660 info iconv@2.1.6 Failed to exec install script
661 verbose unlock done using C:\Users\zarew_000\AppData\Roaming\npm-cache\_locks\iconv-92cf4823da98d5a8.lock for C:\WebStormProject\lab\node_modules\iconv
662 verbose stack Error: iconv@2.1.6 install: `node-gyp rebuild`
662 verbose stack Exit status 1
662 verbose stack     at EventEmitter.<anonymous> (C:\Program Files\nodejs\node_modules\npm\lib\utils\lifecycle.js:213:16)
662 verbose stack     at EventEmitter.emit (events.js:110:17)
662 verbose stack     at ChildProcess.<anonymous> (C:\Program Files\nodejs\node_modules\npm\lib\utils\spawn.js:14:12)
662 verbose stack     at ChildProcess.emit (events.js:110:17)
662 verbose stack     at maybeClose (child_process.js:1008:16)
662 verbose stack     at Process.ChildProcess._handle.onexit (child_process.js:1080:5)
663 verbose pkgid iconv@2.1.6
664 verbose cwd C:\WebStormProject\lab
665 error Windows_NT 6.3.9600
666 error argv "C:\\Program Files\\nodejs\\\\node.exe" "C:\\Program Files\\nodejs\\node_modules\\npm\\bin\\npm-cli.js" "install" "iconv"
667 error node v0.12.0
668 error npm  v2.5.1
669 error code ELIFECYCLE
670 error iconv@2.1.6 install: `node-gyp rebuild`
670 error Exit status 1
671 error Failed at the iconv@2.1.6 install script 'node-gyp rebuild'.
671 error This is most likely a problem with the iconv package,
671 error not with npm itself.
671 error Tell the author that this fails on your system:
671 error     node-gyp rebuild
671 error You can get their info via:
671 error     npm owner ls iconv
671 error There is likely additional logging output above.
672 verbose exit [ 1, true ]
673 verbose unbuild node_modules\iconv
674 info preuninstall iconv@2.1.6
675 info uninstall iconv@2.1.6
676 verbose unbuild rmStuff iconv@2.1.6 from C:\WebStormProject\lab\node_modules
677 info postuninstall iconv@2.1.6
678 verbose gentlyRm vacuuming C:\WebStormProject\lab\node_modules\iconv
679 silly gentlyRm purging C:\WebStormProject\lab\node_modules\iconv
680 silly gentlyRm quitting because other entries in C:\WebStormProject\lab\node_modules
